<?xml version="1.0" encoding="UTF-8"?>
<!-- Generated by org.testng.reporters.JUnitReportReporter -->
<testsuite skipped="0" hostname="SumitLenovo" name="ExceptionTimeoutTest" tests="1" failures="0" timestamp="2022-08-22T15:45:14 IST" time="0.009" errors="0">
  <testcase name="exceptionTest" time="0.009" classname="ExceptionTimeoutTest"/>
  <system-out/>
</testsuite> <!-- ExceptionTimeoutTest -->
