<?xml version="1.0" encoding="UTF-8"?>
<!-- Generated by org.testng.reporters.JUnitReportReporter -->
<testsuite skipped="0" hostname="SumitLenovo" name="selenium.ParameterTests" tests="1" failures="0" timestamp="2022-08-23T10:41:37 IST" time="14.315" errors="0">
  <testcase name="f" time="14.315" classname="selenium.ParameterTests"/>
  <system-out/>
</testsuite> <!-- selenium.ParameterTests -->
