<?xml version="1.0" encoding="UTF-8"?>
<!-- Generated by org.testng.reporters.JUnitReportReporter -->
<testsuite skipped="0" hostname="SumitLenovo" name="selenium.NewTest" tests="3" failures="0" timestamp="2022-08-22T15:15:46 IST" time="31.497" errors="0">
  <testcase name="secondTest" time="9.769" classname="selenium.NewTest"/>
  <system-out/>
  <testcase name="FirstTest" time="3.797" classname="selenium.NewTest"/>
  <system-out/>
  <testcase name="ThirdTest" time="17.931" classname="selenium.NewTest"/>
  <system-out/>
</testsuite> <!-- selenium.NewTest -->
