<?xml version="1.0" encoding="UTF-8"?>
<!-- Generated by org.testng.reporters.JUnitReportReporter -->
<testsuite skipped="0" hostname="SumitLenovo" name="selenium.DataproviderTest" tests="2" failures="0" timestamp="2022-08-23T13:34:17 IST" time="15.886" errors="0">
  <testcase name="f" time="3.015" classname="selenium.DataproviderTest"/>
  <system-out/>
  <testcase name="f" time="12.871" classname="selenium.DataproviderTest"/>
  <system-out/>
</testsuite> <!-- selenium.DataproviderTest -->
