<?xml version="1.0" encoding="UTF-8"?>
<!-- Generated by org.testng.reporters.JUnitReportReporter -->
<testsuite skipped="0" hostname="SumitLenovo" name="selenium.ExceptionTimeoutTest" tests="1" failures="0" timestamp="2022-08-22T18:08:22 IST" time="0.003" errors="0">
  <testcase name="exceptionTest" time="0.003" classname="selenium.ExceptionTimeoutTest"/>
  <system-out/>
</testsuite> <!-- selenium.ExceptionTimeoutTest -->
