<?xml version="1.0" encoding="UTF-8"?>
<!-- Generated by org.testng.reporters.JUnitReportReporter -->
<testsuite skipped="0" hostname="SumitLenovo" name="selenium.InvocationCountTest" tests="10" failures="0" timestamp="2022-08-22T18:08:22 IST" time="0.072" errors="0">
  <testcase name="f" time="0.027" classname="selenium.InvocationCountTest"/>
  <system-out/>
  <testcase name="f" time="0.019" classname="selenium.InvocationCountTest"/>
  <system-out/>
  <testcase name="f" time="0.008" classname="selenium.InvocationCountTest"/>
  <system-out/>
  <testcase name="f" time="0.001" classname="selenium.InvocationCountTest"/>
  <system-out/>
  <testcase name="f" time="0.002" classname="selenium.InvocationCountTest"/>
  <system-out/>
  <testcase name="f" time="0.002" classname="selenium.InvocationCountTest"/>
  <system-out/>
  <testcase name="f" time="0.005" classname="selenium.InvocationCountTest"/>
  <system-out/>
  <testcase name="f" time="0.005" classname="selenium.InvocationCountTest"/>
  <system-out/>
  <testcase name="f" time="0.001" classname="selenium.InvocationCountTest"/>
  <system-out/>
  <testcase name="f" time="0.002" classname="selenium.InvocationCountTest"/>
  <system-out/>
</testsuite> <!-- selenium.InvocationCountTest -->
