<?xml version="1.0" encoding="UTF-8"?>
<!-- Generated by org.testng.reporters.JUnitReportReporter -->
<testsuite skipped="0" hostname="SumitLenovo" name="InvocationCountTest" tests="10" failures="0" timestamp="2022-08-22T15:31:33 IST" time="0.028" errors="0">
  <testcase name="f" time="0.003" classname="InvocationCountTest"/>
  <system-out/>
  <testcase name="f" time="0.003" classname="InvocationCountTest"/>
  <system-out/>
  <testcase name="f" time="0.001" classname="InvocationCountTest"/>
  <system-out/>
  <testcase name="f" time="0.001" classname="InvocationCountTest"/>
  <system-out/>
  <testcase name="f" time="0.001" classname="InvocationCountTest"/>
  <system-out/>
  <testcase name="f" time="0.001" classname="InvocationCountTest"/>
  <system-out/>
  <testcase name="f" time="0.001" classname="InvocationCountTest"/>
  <system-out/>
  <testcase name="f" time="0.014" classname="InvocationCountTest"/>
  <system-out/>
  <testcase name="f" time="0.001" classname="InvocationCountTest"/>
  <system-out/>
  <testcase name="f" time="0.002" classname="InvocationCountTest"/>
  <system-out/>
</testsuite> <!-- InvocationCountTest -->
